# JRE version: OpenJDK Runtime Environment (7.0_65-b32) (build 1.7.0_65-b32)
# Java VM: OpenJDK 64-Bit Server VM (24.65-b04 mixed mode linux-amd64 compressed oops)
Heap
 PSYoungGen      total 132096K, used 10210K [0x00000000ec600000, 0x00000000f5200000, 0x0000000100000000)
  eden space 121856K, 0% used [0x00000000ec600000,0x00000000ec600000,0x00000000f3d00000)
  from space 10240K, 99% used [0x00000000f3d00000,0x00000000f46f88c0,0x00000000f4700000)
  to   space 9216K, 0% used [0x00000000f4700000,0x00000000f4700000,0x00000000f5000000)
 ParOldGen       total 39936K, used 22064K [0x00000000c5200000, 0x00000000c7900000, 0x00000000ec600000)
  object space 39936K, 55% used [0x00000000c5200000,0x00000000c678c228,0x00000000c7900000)
 PSPermGen       total 27648K, used 27143K [0x00000000bac00000, 0x00000000bc700000, 0x00000000c5200000)
  object space 27648K, 98% used [0x00000000bac00000,0x00000000bc681ca0,0x00000000bc700000)
GC Heap History (10 events):
Event: 3,460 GC heap after
Heap after GC invocations=4 (full 0):
 PSYoungGen      total 33280K, used 2528K [0x00000000ec600000, 0x00000000ee900000, 0x0000000100000000)
  eden space 30720K, 0% used [0x00000000ec600000,0x00000000ec600000,0x00000000ee400000)
  from space 2560K, 98% used [0x00000000ee680000,0x00000000ee8f8020,0x00000000ee900000)
  to   space 2560K, 0% used [0x00000000ee400000,0x00000000ee400000,0x00000000ee680000)
 ParOldGen       total 39936K, used 3303K [0x00000000c5200000, 0x00000000c7900000, 0x00000000ec600000)
  object space 39936K, 8% used [0x00000000c5200000,0x00000000c5539ef8,0x00000000c7900000)
 PSPermGen       total 21504K, used 12091K [0x00000000bac00000, 0x00000000bc100000, 0x00000000c5200000)
  object space 21504K, 56% used [0x00000000bac00000,0x00000000bb7cec20,0x00000000bc100000)
}
Event: 4,642 GC heap before
{Heap before GC invocations=5 (full 0):
 PSYoungGen      total 33280K, used 33248K [0x00000000ec600000, 0x00000000ee900000, 0x0000000100000000)
  eden space 30720K, 100% used [0x00000000ec600000,0x00000000ee400000,0x00000000ee400000)
  from space 2560K, 98% used [0x00000000ee680000,0x00000000ee8f8020,0x00000000ee900000)
  to   space 2560K, 0% used [0x00000000ee400000,0x00000000ee400000,0x00000000ee680000)
 ParOldGen       total 39936K, used 3303K [0x00000000c5200000, 0x00000000c7900000, 0x00000000ec600000)
  object space 39936K, 8% used [0x00000000c5200000,0x00000000c5539ef8,0x00000000c7900000)
 PSPermGen       total 21504K, used 12740K [0x00000000bac00000, 0x00000000bc100000, 0x00000000c5200000)
  object space 21504K, 59% used [0x00000000bac00000,0x00000000bb871020,0x00000000bc100000)
Event: 4,659 GC heap after
Heap after GC invocations=5 (full 0):
 PSYoungGen      total 33280K, used 2560K [0x00000000ec600000, 0x00000000f0e00000, 0x0000000100000000)
  eden space 30720K, 0% used [0x00000000ec600000,0x00000000ec600000,0x00000000ee400000)
  from space 2560K, 100% used [0x00000000ee400000,0x00000000ee680000,0x00000000ee680000)
  to   space 6144K, 0% used [0x00000000f0800000,0x00000000f0800000,0x00000000f0e00000)
 ParOldGen       total 39936K, used 5677K [0x00000000c5200000, 0x00000000c7900000, 0x00000000ec600000)
  object space 39936K, 14% used [0x00000000c5200000,0x00000000c578b430,0x00000000c7900000)
 PSPermGen       total 21504K, used 12740K [0x00000000bac00000, 0x00000000bc100000, 0x00000000c5200000)
  object space 21504K, 59% used [0x00000000bac00000,0x00000000bb871020,0x00000000bc100000)
}
Event: 5,495 GC heap before
{Heap before GC invocations=6 (full 0):
 PSYoungGen      total 33280K, used 33280K [0x00000000ec600000, 0x00000000f0e00000, 0x0000000100000000)
  eden space 30720K, 100% used [0x00000000ec600000,0x00000000ee400000,0x00000000ee400000)
  from space 2560K, 100% used [0x00000000ee400000,0x00000000ee680000,0x00000000ee680000)
  to   space 6144K, 0% used [0x00000000f0800000,0x00000000f0800000,0x00000000f0e00000)
 ParOldGen       total 39936K, used 5677K [0x00000000c5200000, 0x00000000c7900000, 0x00000000ec600000)
  object space 39936K, 14% used [0x00000000c5200000,0x00000000c578b430,0x00000000c7900000)
 PSPermGen       total 21504K, used 13195K [0x00000000bac00000, 0x00000000bc100000, 0x00000000c5200000)
  object space 21504K, 61% used [0x00000000bac00000,0x00000000bb8e2ca0,0x00000000bc100000)
Event: 5,503 GC heap after
Heap after GC invocations=6 (full 0):
 PSYoungGen      total 67584K, used 4384K [0x00000000ec600000, 0x00000000f0e00000, 0x0000000100000000)
  eden space 61440K, 0% used [0x00000000ec600000,0x00000000ec600000,0x00000000f0200000)
  from space 6144K, 71% used [0x00000000f0800000,0x00000000f0c48000,0x00000000f0e00000)
  to   space 6144K, 0% used [0x00000000f0200000,0x00000000f0200000,0x00000000f0800000)
 ParOldGen       total 39936K, used 5677K [0x00000000c5200000, 0x00000000c7900000, 0x00000000ec600000)
  object space 39936K, 14% used [0x00000000c5200000,0x00000000c578b430,0x00000000c7900000)
 PSPermGen       total 21504K, used 13195K [0x00000000bac00000, 0x00000000bc100000, 0x00000000c5200000)
  object space 21504K, 61% used [0x00000000bac00000,0x00000000bb8e2ca0,0x00000000bc100000)
}
Event: 7,956 GC heap before
{Heap before GC invocations=7 (full 0):
 PSYoungGen      total 67584K, used 65824K [0x00000000ec600000, 0x00000000f0e00000, 0x0000000100000000)
  eden space 61440K, 100% used [0x00000000ec600000,0x00000000f0200000,0x00000000f0200000)
  from space 6144K, 71% used [0x00000000f0800000,0x00000000f0c48000,0x00000000f0e00000)
  to   space 6144K, 0% used [0x00000000f0200000,0x00000000f0200000,0x00000000f0800000)
 ParOldGen       total 39936K, used 5677K [0x00000000c5200000, 0x00000000c7900000, 0x00000000ec600000)
  object space 39936K, 14% used [0x00000000c5200000,0x00000000c578b430,0x00000000c7900000)
 PSPermGen       total 21504K, used 18849K [0x00000000bac00000, 0x00000000bc100000, 0x00000000c5200000)
  object space 21504K, 87% used [0x00000000bac00000,0x00000000bbe68400,0x00000000bc100000)
Event: 7,985 GC heap after
Heap after GC invocations=7 (full 0):
 PSYoungGen      total 67584K, used 6112K [0x00000000ec600000, 0x00000000f5000000, 0x0000000100000000)
  eden space 61440K, 0% used [0x00000000ec600000,0x00000000ec600000,0x00000000f0200000)
  from space 6144K, 99% used [0x00000000f0200000,0x00000000f07f8020,0x00000000f0800000)
  to   space 9216K, 0% used [0x00000000f4700000,0x00000000f4700000,0x00000000f5000000)
 ParOldGen       total 39936K, used 10330K [0x00000000c5200000, 0x00000000c7900000, 0x00000000ec600000)
  object space 39936K, 25% used [0x00000000c5200000,0x00000000c5c16a18,0x00000000c7900000)
 PSPermGen       total 21504K, used 18849K [0x00000000bac00000, 0x00000000bc100000, 0x00000000c5200000)
  object space 21504K, 87% used [0x00000000bac00000,0x00000000bbe68400,0x00000000bc100000)
}
Event: 9,274 GC heap before
{Heap before GC invocations=8 (full 0):
 PSYoungGen      total 67584K, used 67552K [0x00000000ec600000, 0x00000000f5000000, 0x0000000100000000)
  eden space 61440K, 100% used [0x00000000ec600000,0x00000000f0200000,0x00000000f0200000)
  from space 6144K, 99% used [0x00000000f0200000,0x00000000f07f8020,0x00000000f0800000)
  to   space 9216K, 0% used [0x00000000f4700000,0x00000000f4700000,0x00000000f5000000)
 ParOldGen       total 39936K, used 10330K [0x00000000c5200000, 0x00000000c7900000, 0x00000000ec600000)
  object space 39936K, 25% used [0x00000000c5200000,0x00000000c5c16a18,0x00000000c7900000)
 PSPermGen       total 21504K, used 21201K [0x00000000bac00000, 0x00000000bc100000, 0x00000000c5200000)
  object space 21504K, 98% used [0x00000000bac00000,0x00000000bc0b4428,0x00000000bc100000)
Event: 9,302 GC heap after
Heap after GC invocations=8 (full 0):
 PSYoungGen      total 131072K, used 8067K [0x00000000ec600000, 0x00000000f5200000, 0x0000000100000000)
  eden space 121856K, 0% used [0x00000000ec600000,0x00000000ec600000,0x00000000f3d00000)
  from space 9216K, 87% used [0x00000000f4700000,0x00000000f4ee0e90,0x00000000f5000000)
  to   space 10240K, 0% used [0x00000000f3d00000,0x00000000f3d00000,0x00000000f4700000)
 ParOldGen       total 39936K, used 11468K [0x00000000c5200000, 0x00000000c7900000, 0x00000000ec600000)
  object space 39936K, 28% used [0x00000000c5200000,0x00000000c5d33228,0x00000000c7900000)
 PSPermGen       total 21504K, used 21201K [0x00000000bac00000, 0x00000000bc100000, 0x00000000c5200000)
  object space 21504K, 98% used [0x00000000bac00000,0x00000000bc0b4428,0x00000000bc100000)
}
Event: 14,386 GC heap before
{Heap before GC invocations=9 (full 0):
 PSYoungGen      total 131072K, used 129923K [0x00000000ec600000, 0x00000000f5200000, 0x0000000100000000)
  eden space 121856K, 100% used [0x00000000ec600000,0x00000000f3d00000,0x00000000f3d00000)
  from space 9216K, 87% used [0x00000000f4700000,0x00000000f4ee0e90,0x00000000f5000000)
  to   space 10240K, 0% used [0x00000000f3d00000,0x00000000f3d00000,0x00000000f4700000)
 ParOldGen       total 39936K, used 11468K [0x00000000c5200000, 0x00000000c7900000, 0x00000000ec600000)
  object space 39936K, 28% used [0x00000000c5200000,0x00000000c5d33228,0x00000000c7900000)
 PSPermGen       total 27648K, used 27143K [0x00000000bac00000, 0x00000000bc700000, 0x00000000c5200000)
  object space 27648K, 98% used [0x00000000bac00000,0x00000000bc681ca0,0x00000000bc700000)

