# JRE version: OpenJDK Runtime Environment (7.0_65-b32) (build 1.7.0_65-b32)
# Java VM: OpenJDK 64-Bit Server VM (24.65-b04 mixed mode linux-amd64 compressed oops)
Heap
 PSYoungGen      total 54272K, used 8167K [0x00000000ec600000, 0x00000000f0300000, 0x0000000100000000)
  eden space 46080K, 0% used [0x00000000ec600000,0x00000000ec600000,0x00000000ef300000)
  from space 8192K, 99% used [0x00000000ef300000,0x00000000efaf9c98,0x00000000efb00000)
  to   space 8192K, 0% used [0x00000000efb00000,0x00000000efb00000,0x00000000f0300000)
 ParOldGen       total 39936K, used 15806K [0x00000000c5200000, 0x00000000c7900000, 0x00000000ec600000)
  object space 39936K, 39% used [0x00000000c5200000,0x00000000c616f9e0,0x00000000c7900000)
 PSPermGen       total 23552K, used 23326K [0x00000000bac00000, 0x00000000bc300000, 0x00000000c5200000)
  object space 23552K, 99% used [0x00000000bac00000,0x00000000bc2c7928,0x00000000bc300000)
GC Heap History (10 events):
Event: 8,420 GC heap after
Heap after GC invocations=6 (full 0):
 PSYoungGen      total 35328K, used 4512K [0x00000000ec600000, 0x00000000eef00000, 0x0000000100000000)
  eden space 29696K, 0% used [0x00000000ec600000,0x00000000ec600000,0x00000000ee300000)
  from space 5632K, 80% used [0x00000000ee980000,0x00000000eede8000,0x00000000eef00000)
  to   space 6144K, 0% used [0x00000000ee300000,0x00000000ee300000,0x00000000ee900000)
 ParOldGen       total 39936K, used 5695K [0x00000000c5200000, 0x00000000c7900000, 0x00000000ec600000)
  object space 39936K, 14% used [0x00000000c5200000,0x00000000c578ff10,0x00000000c7900000)
 PSPermGen       total 21504K, used 13192K [0x00000000bac00000, 0x00000000bc100000, 0x00000000c5200000)
  object space 21504K, 61% used [0x00000000bac00000,0x00000000bb8e20e0,0x00000000bc100000)
}
Event: 20,303 GC heap before
{Heap before GC invocations=7 (full 0):
 PSYoungGen      total 35328K, used 34208K [0x00000000ec600000, 0x00000000eef00000, 0x0000000100000000)
  eden space 29696K, 100% used [0x00000000ec600000,0x00000000ee300000,0x00000000ee300000)
  from space 5632K, 80% used [0x00000000ee980000,0x00000000eede8000,0x00000000eef00000)
  to   space 6144K, 0% used [0x00000000ee300000,0x00000000ee300000,0x00000000ee900000)
 ParOldGen       total 39936K, used 5695K [0x00000000c5200000, 0x00000000c7900000, 0x00000000ec600000)
  object space 39936K, 14% used [0x00000000c5200000,0x00000000c578ff10,0x00000000c7900000)
 PSPermGen       total 21504K, used 18226K [0x00000000bac00000, 0x00000000bc100000, 0x00000000c5200000)
  object space 21504K, 84% used [0x00000000bac00000,0x00000000bbdccaf0,0x00000000bc100000)
Event: 20,374 GC heap after
Heap after GC invocations=7 (full 0):
 PSYoungGen      total 35328K, used 6124K [0x00000000ec600000, 0x00000000ef280000, 0x0000000100000000)
  eden space 29184K, 0% used [0x00000000ec600000,0x00000000ec600000,0x00000000ee280000)
  from space 6144K, 99% used [0x00000000ee300000,0x00000000ee8fb368,0x00000000ee900000)
  to   space 8192K, 0% used [0x00000000eea80000,0x00000000eea80000,0x00000000ef280000)
 ParOldGen       total 39936K, used 7699K [0x00000000c5200000, 0x00000000c7900000, 0x00000000ec600000)
  object space 39936K, 19% used [0x00000000c5200000,0x00000000c5984d40,0x00000000c7900000)
 PSPermGen       total 21504K, used 18226K [0x00000000bac00000, 0x00000000bc100000, 0x00000000c5200000)
  object space 21504K, 84% used [0x00000000bac00000,0x00000000bbdccaf0,0x00000000bc100000)
}
Event: 21,083 GC heap before
{Heap before GC invocations=8 (full 0):
 PSYoungGen      total 35328K, used 35308K [0x00000000ec600000, 0x00000000ef280000, 0x0000000100000000)
  eden space 29184K, 100% used [0x00000000ec600000,0x00000000ee280000,0x00000000ee280000)
  from space 6144K, 99% used [0x00000000ee300000,0x00000000ee8fb368,0x00000000ee900000)
  to   space 8192K, 0% used [0x00000000eea80000,0x00000000eea80000,0x00000000ef280000)
 ParOldGen       total 39936K, used 7699K [0x00000000c5200000, 0x00000000c7900000, 0x00000000ec600000)
  object space 39936K, 19% used [0x00000000c5200000,0x00000000c5984d40,0x00000000c7900000)
 PSPermGen       total 21504K, used 18841K [0x00000000bac00000, 0x00000000bc100000, 0x00000000c5200000)
  object space 21504K, 87% used [0x00000000bac00000,0x00000000bbe667e8,0x00000000bc100000)
Event: 21,099 GC heap after
Heap after GC invocations=8 (full 0):
 PSYoungGen      total 36864K, used 6237K [0x00000000ec600000, 0x00000000f1000000, 0x0000000100000000)
  eden space 28672K, 0% used [0x00000000ec600000,0x00000000ec600000,0x00000000ee200000)
  from space 8192K, 76% used [0x00000000eea80000,0x00000000ef097790,0x00000000ef280000)
  to   space 8704K, 0% used [0x00000000ee200000,0x00000000ee200000,0x00000000eea80000)
 ParOldGen       total 39936K, used 8769K [0x00000000c5200000, 0x00000000c7900000, 0x00000000ec600000)
  object space 39936K, 21% used [0x00000000c5200000,0x00000000c5a90560,0x00000000c7900000)
 PSPermGen       total 21504K, used 18841K [0x00000000bac00000, 0x00000000bc100000, 0x00000000c5200000)
  object space 21504K, 87% used [0x00000000bac00000,0x00000000bbe667e8,0x00000000bc100000)
}
Event: 21,272 GC heap before
{Heap before GC invocations=9 (full 0):
 PSYoungGen      total 36864K, used 34909K [0x00000000ec600000, 0x00000000f1000000, 0x0000000100000000)
  eden space 28672K, 100% used [0x00000000ec600000,0x00000000ee200000,0x00000000ee200000)
  from space 8192K, 76% used [0x00000000eea80000,0x00000000ef097790,0x00000000ef280000)
  to   space 8704K, 0% used [0x00000000ee200000,0x00000000ee200000,0x00000000eea80000)
 ParOldGen       total 39936K, used 8769K [0x00000000c5200000, 0x00000000c7900000, 0x00000000ec600000)
  object space 39936K, 21% used [0x00000000c5200000,0x00000000c5a90560,0x00000000c7900000)
 PSPermGen       total 21504K, used 18857K [0x00000000bac00000, 0x00000000bc100000, 0x00000000c5200000)
  object space 21504K, 87% used [0x00000000bac00000,0x00000000bbe6a730,0x00000000bc100000)
Event: 21,288 GC heap after
Heap after GC invocations=9 (full 0):
 PSYoungGen      total 37376K, used 3920K [0x00000000ec600000, 0x00000000f0300000, 0x0000000100000000)
  eden space 28672K, 0% used [0x00000000ec600000,0x00000000ec600000,0x00000000ee200000)
  from space 8704K, 45% used [0x00000000ee200000,0x00000000ee5d4010,0x00000000eea80000)
  to   space 8192K, 0% used [0x00000000efb00000,0x00000000efb00000,0x00000000f0300000)
 ParOldGen       total 39936K, used 10849K [0x00000000c5200000, 0x00000000c7900000, 0x00000000ec600000)
  object space 39936K, 27% used [0x00000000c5200000,0x00000000c5c98560,0x00000000c7900000)
 PSPermGen       total 21504K, used 18857K [0x00000000bac00000, 0x00000000bc100000, 0x00000000c5200000)
  object space 21504K, 87% used [0x00000000bac00000,0x00000000bbe6a730,0x00000000bc100000)
}
Event: 22,523 GC heap before
{Heap before GC invocations=10 (full 0):
 PSYoungGen      total 37376K, used 32592K [0x00000000ec600000, 0x00000000f0300000, 0x0000000100000000)
  eden space 28672K, 100% used [0x00000000ec600000,0x00000000ee200000,0x00000000ee200000)
  from space 8704K, 45% used [0x00000000ee200000,0x00000000ee5d4010,0x00000000eea80000)
  to   space 8192K, 0% used [0x00000000efb00000,0x00000000efb00000,0x00000000f0300000)
 ParOldGen       total 39936K, used 10849K [0x00000000c5200000, 0x00000000c7900000, 0x00000000ec600000)
  object space 39936K, 27% used [0x00000000c5200000,0x00000000c5c98560,0x00000000c7900000)
 PSPermGen       total 21504K, used 20664K [0x00000000bac00000, 0x00000000bc100000, 0x00000000c5200000)
  object space 21504K, 96% used [0x00000000bac00000,0x00000000bc02e3a0,0x00000000bc100000)
Event: 22,530 GC heap after
Heap after GC invocations=10 (full 0):
 PSYoungGen      total 54272K, used 2599K [0x00000000ec600000, 0x00000000f0300000, 0x0000000100000000)
  eden space 46080K, 0% used [0x00000000ec600000,0x00000000ec600000,0x00000000ef300000)
  from space 8192K, 31% used [0x00000000efb00000,0x00000000efd89d38,0x00000000f0300000)
  to   space 8192K, 0% used [0x00000000ef300000,0x00000000ef300000,0x00000000efb00000)
 ParOldGen       total 39936K, used 11846K [0x00000000c5200000, 0x00000000c7900000, 0x00000000ec600000)
  object space 39936K, 29% used [0x00000000c5200000,0x00000000c5d91990,0x00000000c7900000)
 PSPermGen       total 21504K, used 20664K [0x00000000bac00000, 0x00000000bc100000, 0x00000000c5200000)
  object space 21504K, 96% used [0x00000000bac00000,0x00000000bc02e3a0,0x00000000bc100000)
}
Event: 32,080 GC heap before
{Heap before GC invocations=11 (full 0):
 PSYoungGen      total 54272K, used 48679K [0x00000000ec600000, 0x00000000f0300000, 0x0000000100000000)
  eden space 46080K, 100% used [0x00000000ec600000,0x00000000ef300000,0x00000000ef300000)
  from space 8192K, 31% used [0x00000000efb00000,0x00000000efd89d38,0x00000000f0300000)
  to   space 8192K, 0% used [0x00000000ef300000,0x00000000ef300000,0x00000000efb00000)
 ParOldGen       total 39936K, used 11846K [0x00000000c5200000, 0x00000000c7900000, 0x00000000ec600000)
  object space 39936K, 29% used [0x00000000c5200000,0x00000000c5d91990,0x00000000c7900000)
 PSPermGen       total 23552K, used 23326K [0x00000000bac00000, 0x00000000bc300000, 0x00000000c5200000)
  object space 23552K, 99% used [0x00000000bac00000,0x00000000bc2c7928,0x00000000bc300000)

